2021-05-18 21:15:32,547 START OF refubium
2021-05-18 21:15:33,054 File refubium_11604 has already been retrieved.
2021-05-18 21:15:33,212 File refubium_21139 has already been retrieved.
2021-05-18 21:15:33,356 File refubium_25907 has already been retrieved.
2021-05-18 21:15:33,522 File refubium_16843 has already been retrieved.
2021-05-18 21:15:34,032 File refubium_22613 has already been retrieved.
2021-05-18 21:15:34,316 File refubium_3469 has already been retrieved.
2021-05-18 21:15:34,494 File refubium_16984 has already been retrieved.
2021-05-18 21:15:34,674 File refubium_12979 has already been retrieved.
2021-05-18 21:15:34,845 File refubium_23889 has already been retrieved.
2021-05-18 21:15:35,117 File refubium_2584 has already been retrieved.
2021-05-18 21:15:35,304 File refubium_11080 has already been retrieved.
2021-05-18 21:15:35,978 File refubium_4880 has already been retrieved.
2021-05-18 21:15:36,156 File refubium_5090 has already been retrieved.
2021-05-18 21:15:36,513 File refubium_10161 has already been retrieved.
2021-05-18 21:15:36,689 File refubium_15090 has already been retrieved.
2021-05-18 21:15:36,847 File refubium_15101 has already been retrieved.
2021-05-18 21:15:37,048 File refubium_27350 has already been retrieved.
2021-05-18 21:15:37,225 File refubium_20598 has already been retrieved.
2021-05-18 21:15:37,483 File refubium_25311 has already been retrieved.
2021-05-18 21:15:38,357 File refubium_7091 has already been retrieved.
2021-05-18 21:15:38,515 File refubium_22832 has already been retrieved.
2021-05-18 21:15:38,882 File refubium_7564 has already been retrieved.
2021-05-18 21:15:39,049 File refubium_15217 has already been retrieved.
2021-05-18 21:15:39,270 File refubium_23627 has already been retrieved.
2021-05-18 21:15:39,442 File refubium_14047 has already been retrieved.
2021-05-18 21:15:39,613 File refubium_26313 has already been retrieved.
2021-05-18 21:15:39,732 File refubium_3969 has already been retrieved.
2021-05-18 21:15:39,905 File refubium_3554 has already been retrieved.
2021-05-18 21:15:40,062 File refubium_14139 has already been retrieved.
2021-05-18 21:15:40,249 File refubium_16774 has already been retrieved.
2021-05-18 21:15:40,380 File refubium_11360 has already been retrieved.
2021-05-18 21:15:40,639 File refubium_22928 has already been retrieved.
2021-05-18 21:15:40,848 File refubium_16909 has already been retrieved.
2021-05-18 21:15:41,017 File refubium_24140 has already been retrieved.
2021-05-18 21:15:41,239 File refubium_26203 has already been retrieved.
2021-05-18 21:15:42,523 File refubium_3772 has already been retrieved.
2021-05-18 21:15:42,825 File refubium_8298 has already been retrieved.
2021-05-18 21:15:42,998 File refubium_17021 has already been retrieved.
2021-05-18 21:15:43,212 File refubium_3114 has already been retrieved.
2021-05-18 21:15:43,388 File refubium_15429 has already been retrieved.
2021-05-18 21:15:43,561 File refubium_21380 has already been retrieved.
2021-05-18 21:15:43,757 File refubium_1039 has already been retrieved.
2021-05-18 21:15:43,942 File refubium_19982 has already been retrieved.
2021-05-18 21:15:44,133 File refubium_16963 has already been retrieved.
2021-05-18 21:15:44,263 File refubium_17822 has already been retrieved.
2021-05-18 21:15:44,391 File refubium_10259 has already been retrieved.
2021-05-18 21:15:44,544 File refubium_1636 has already been retrieved.
2021-05-18 21:15:44,740 File refubium_26823 has already been retrieved.
2021-05-18 21:15:45,006 File refubium_27469 has already been retrieved.
2021-05-18 21:15:45,136 File refubium_28455 has already been retrieved.
2021-05-18 21:15:45,230 Resumption token: xoai////11500
2021-05-18 21:15:45,562 File refubium_22656 has already been retrieved.
2021-05-18 21:15:45,924 File refubium_18905 has already been retrieved.
2021-05-18 21:15:46,110 File refubium_23876 has already been retrieved.
2021-05-18 21:15:46,251 File refubium_15715 has already been retrieved.
2021-05-18 21:15:46,415 File refubium_23898 has already been retrieved.
2021-05-18 21:15:46,629 File refubium_21205 has already been retrieved.
2021-05-18 21:15:46,821 File refubium_12238 has already been retrieved.
2021-05-18 21:15:46,981 File refubium_25189 has already been retrieved.
2021-05-18 21:15:47,135 File refubium_22497 has already been retrieved.
2021-05-18 21:15:47,302 File refubium_26388 has already been retrieved.
2021-05-18 21:15:47,456 File refubium_23949 has already been retrieved.
2021-05-18 21:15:47,657 File refubium_7158 has already been retrieved.
2021-05-18 21:15:47,811 File refubium_15086 has already been retrieved.
2021-05-18 21:15:47,943 File refubium_18110 has already been retrieved.
2021-05-18 21:15:48,118 File refubium_14075 has already been retrieved.
2021-05-18 21:15:48,449 File refubium_21222 has already been retrieved.
2021-05-18 21:15:48,623 File refubium_21688 has already been retrieved.
2021-05-18 21:15:48,864 File refubium_21999 has already been retrieved.
2021-05-18 21:15:48,987 File refubium_8305 has already been retrieved.
2021-05-18 21:15:49,119 File refubium_796 has already been retrieved.
2021-05-18 21:15:49,291 File refubium_28524 has already been retrieved.
2021-05-18 21:15:49,540 File refubium_13662 has already been retrieved.
2021-05-18 21:15:49,750 File refubium_4736 has already been retrieved.
2021-05-18 21:15:49,954 File refubium_26615 has already been retrieved.
2021-05-18 21:15:50,195 File refubium_11772 has already been retrieved.
2021-05-18 21:15:50,367 File refubium_26027 has already been retrieved.
2021-05-18 21:15:50,536 File refubium_22923 has already been retrieved.
2021-05-18 21:15:50,704 File refubium_15617 has already been retrieved.
2021-05-18 21:15:50,862 File refubium_22953 has already been retrieved.
2021-05-18 21:15:51,108 File refubium_16467 has already been retrieved.
2021-05-18 21:15:51,279 File refubium_14257 has already been retrieved.
2021-05-18 21:15:51,446 File refubium_18437 has already been retrieved.
2021-05-18 21:15:51,944 File refubium_28891 has already been retrieved.
2021-05-18 21:15:52,135 File refubium_24648 has already been retrieved.
2021-05-18 21:15:52,373 File refubium_12941 has already been retrieved.
2021-05-18 21:15:52,542 File refubium_21144 has already been retrieved.
2021-05-18 21:15:52,754 File refubium_11991 has already been retrieved.
2021-05-18 21:15:52,992 File refubium_7287 has already been retrieved.
2021-05-18 21:15:53,187 File refubium_30160 has already been retrieved.
2021-05-18 21:15:53,354 File refubium_26954 has already been retrieved.
2021-05-18 21:15:53,511 File refubium_7774 has already been retrieved.
2021-05-18 21:15:53,684 File refubium_25151 has already been retrieved.
2021-05-18 21:15:53,844 File refubium_22041 has already been retrieved.
2021-05-18 21:15:54,000 File refubium_24316 has already been retrieved.
2021-05-18 21:15:54,152 File refubium_12180 has already been retrieved.
2021-05-18 21:15:54,316 File refubium_16217 has already been retrieved.
2021-05-18 21:15:54,497 File refubium_25562 has already been retrieved.
2021-05-18 21:15:54,669 File refubium_26373 has already been retrieved.
2021-05-18 21:15:54,890 File refubium_29282 has already been retrieved.
2021-05-18 21:15:54,969 Resumption token: xoai////11600
2021-05-18 21:15:55,319 File refubium_21267 has already been retrieved.
2021-05-18 21:15:55,462 File refubium_16784 has already been retrieved.
2021-05-18 21:15:55,636 File refubium_14471 has already been retrieved.
2021-05-18 21:15:55,862 File refubium_14438 has already been retrieved.
2021-05-18 21:15:56,071 File refubium_27442 has already been retrieved.
2021-05-18 21:15:57,366 File refubium_6068 has already been retrieved.
2021-05-18 21:15:57,526 File refubium_25639 has already been retrieved.
2021-05-18 21:15:57,713 File refubium_18519 has already been retrieved.
2021-05-18 21:15:57,952 File refubium_8157 has already been retrieved.
2021-05-18 21:15:58,169 File refubium_21065 has already been retrieved.
2021-05-18 21:15:58,306 File refubium_16568 has already been retrieved.
2021-05-18 21:15:58,481 File refubium_1390 has already been retrieved.
2021-05-18 21:15:58,716 File refubium_10278 has already been retrieved.
2021-05-18 21:15:58,899 File refubium_18978 has already been retrieved.
2021-05-18 21:15:59,093 File refubium_16573 has already been retrieved.
2021-05-18 21:15:59,248 File refubium_24532 has already been retrieved.
2021-05-18 21:15:59,461 File refubium_27104 has already been retrieved.
2021-05-18 21:15:59,662 File refubium_15267 has already been retrieved.
2021-05-18 21:15:59,921 File refubium_26939 has already been retrieved.
2021-05-18 21:16:00,086 File refubium_29192 has already been retrieved.
2021-05-18 21:16:00,242 File refubium_15287 has already been retrieved.
2021-05-18 21:16:00,397 File refubium_25884 has already been retrieved.
2021-05-18 21:16:00,617 File refubium_28837 has already been retrieved.
2021-05-18 21:16:00,756 File refubium_16330 has already been retrieved.
2021-05-18 21:16:00,966 File refubium_13160 has already been retrieved.
2021-05-18 21:16:01,202 File refubium_25803 has already been retrieved.
2021-05-18 21:16:01,394 File refubium_24628 has already been retrieved.
2021-05-18 21:16:01,550 File refubium_28815 has already been retrieved.
2021-05-18 21:16:01,763 File refubium_25123 has already been retrieved.
2021-05-18 21:16:01,951 File refubium_24457 has already been retrieved.
2021-05-18 21:16:02,138 File refubium_21686 has already been retrieved.
2021-05-18 21:16:02,311 File refubium_15203 has already been retrieved.
2021-05-18 21:16:02,494 File refubium_14161 has already been retrieved.
2021-05-18 21:16:02,650 File refubium_28833 has already been retrieved.
2021-05-18 21:16:02,776 File refubium_19264 has already been retrieved.
2021-05-18 21:16:02,909 File refubium_517 has already been retrieved.
2021-05-18 21:16:03,075 File refubium_28989 has already been retrieved.
2021-05-18 21:16:03,217 File refubium_16559 has already been retrieved.
2021-05-18 21:16:03,600 File refubium_22690 has already been retrieved.
2021-05-18 21:16:03,761 File refubium_19965 has already been retrieved.
2021-05-18 21:16:04,090 File refubium_20745 has already been retrieved.
2021-05-18 21:16:04,258 File refubium_25764 has already been retrieved.
2021-05-18 21:16:04,440 File refubium_27390 has already been retrieved.
2021-05-18 21:16:04,665 File refubium_24443 has already been retrieved.
2021-05-18 21:16:05,072 File refubium_13307 has already been retrieved.
2021-05-18 21:16:05,116 Resumption token: xoai////11700
2021-05-18 21:16:05,485 File refubium_19134 has already been retrieved.
2021-05-18 21:16:05,639 File refubium_17126 has already been retrieved.
2021-05-18 21:16:05,832 File refubium_20676 has already been retrieved.
2021-05-18 21:16:05,952 File refubium_7356 has already been retrieved.
2021-05-18 21:16:06,060 File refubium_13381 has already been retrieved.
2021-05-18 21:16:06,228 File refubium_22950 has already been retrieved.
2021-05-18 21:16:06,551 File refubium_29795 has already been retrieved.
2021-05-18 21:16:06,706 File refubium_27041 has already been retrieved.
2021-05-18 21:16:07,208 File refubium_22791 has already been retrieved.
2021-05-18 21:16:07,338 File refubium_14832 has already been retrieved.
2021-05-18 21:16:07,595 File refubium_20307 has already been retrieved.
2021-05-18 21:16:07,751 File refubium_27341 has already been retrieved.
2021-05-18 21:16:08,201 File refubium_4613 has already been retrieved.
2021-05-18 21:16:08,389 File refubium_20271 has already been retrieved.
2021-05-18 21:16:08,692 File refubium_29083 has already been retrieved.
2021-05-18 21:16:08,832 File refubium_15541 has already been retrieved.
2021-05-18 21:16:09,000 File refubium_26250 has already been retrieved.
2021-05-18 21:16:09,174 File refubium_17571 has already been retrieved.
2021-05-18 21:16:09,398 File refubium_15007 has already been retrieved.
2021-05-18 21:16:09,589 File refubium_3998 has already been retrieved.
2021-05-18 21:16:09,756 File refubium_23645 has already been retrieved.
2021-05-18 21:16:09,984 File refubium_316 has already been retrieved.
2021-05-18 21:16:10,151 File refubium_14206 has already been retrieved.
2021-05-18 21:16:10,375 File refubium_26382 has already been retrieved.
2021-05-18 21:16:10,553 File refubium_16492 has already been retrieved.
2021-05-18 21:16:10,754 File refubium_25028 has already been retrieved.
2021-05-18 21:16:10,933 File refubium_15500 has already been retrieved.
2021-05-18 21:16:11,130 File refubium_5191 has already been retrieved.
2021-05-18 21:16:11,258 File refubium_14657 has already been retrieved.
2021-05-18 21:16:11,441 File refubium_23909 has already been retrieved.
2021-05-18 21:16:11,613 File refubium_15281 has already been retrieved.
2021-05-18 21:16:11,766 File refubium_28653 has already been retrieved.
2021-05-18 21:16:11,997 File refubium_24345 has already been retrieved.
2021-05-18 21:16:12,177 File refubium_23341 has already been retrieved.
2021-05-18 21:16:12,275 File refubium_4638 has already been retrieved.
2021-05-18 21:16:12,511 File refubium_9122 has already been retrieved.
2021-05-18 21:16:12,685 File refubium_25210 has already been retrieved.
2021-05-18 21:16:12,838 File refubium_14644 has already been retrieved.
2021-05-18 21:16:12,978 File refubium_18428 has already been retrieved.
2021-05-18 21:16:13,160 File refubium_25194 has already been retrieved.
2021-05-18 21:16:13,331 File refubium_20939 has already been retrieved.
2021-05-18 21:16:13,492 File refubium_14085 has already been retrieved.
2021-05-18 21:16:13,669 File refubium_16136 has already been retrieved.
2021-05-18 21:16:13,826 File refubium_24568 has already been retrieved.
2021-05-18 21:16:13,953 File refubium_6817 has already been retrieved.
2021-05-18 21:16:14,111 File refubium_14282 has already been retrieved.
2021-05-18 21:16:14,296 File refubium_18192 has already been retrieved.
2021-05-18 21:16:14,350 Resumption token: xoai////11800
2021-05-18 21:16:14,718 File refubium_20482 has already been retrieved.
2021-05-18 21:16:14,958 File refubium_11913 has already been retrieved.
2021-05-18 21:16:15,128 File refubium_24527 has already been retrieved.
2021-05-18 21:16:15,289 File refubium_24959 has already been retrieved.
2021-05-18 21:16:15,431 File refubium_8416 has already been retrieved.
2021-05-18 21:16:15,909 File name refubium_18003 already exists.
2021-05-18 21:16:21,745 File name refubium_18927 already exists.
2021-05-18 21:16:27,081 File name refubium_22310 already exists.
2021-05-18 21:16:32,699 File name refubium_24407 already exists.
2021-05-18 21:16:38,410 File name refubium_1990 already exists.
2021-05-18 21:16:44,205 File name refubium_19511 already exists.
2021-05-18 21:16:50,237 File name refubium_7309 already exists.
2021-05-18 21:16:55,889 File name refubium_15663 already exists.
2021-05-18 21:17:01,598 File name refubium_24320 already exists.
2021-05-18 21:17:07,339 File name refubium_18201 already exists.
2021-05-18 21:17:13,119 File name refubium_15038 already exists.
2021-05-18 21:17:18,758 File name refubium_23129 already exists.
2021-05-18 21:17:24,448 File name refubium_12086 already exists.
2021-05-18 21:17:30,139 File name refubium_28213 already exists.
2021-05-18 21:17:35,848 File name refubium_20646 already exists.
2021-05-18 21:17:41,597 File name refubium_21083 already exists.
2021-05-18 21:17:47,465 File name refubium_5844 already exists.
2021-05-18 21:17:53,444 File name refubium_13888 already exists.
2021-05-18 21:17:59,430 File name refubium_20647 already exists.
2021-05-18 21:18:05,094 File name refubium_16437 already exists.
2021-05-18 21:18:10,791 File name refubium_2870 already exists.
2021-05-18 21:18:16,622 File name refubium_4997 already exists.
2021-05-18 21:18:24,752 File name refubium_19947 already exists.
2021-05-18 21:18:30,462 File name refubium_24357 already exists.
2021-05-18 21:18:36,178 File name refubium_19719 already exists.
2021-05-18 21:18:41,810 File name refubium_25196 already exists.
2021-05-18 21:18:47,499 File name refubium_25416 already exists.
2021-05-18 21:18:52,686 File name refubium_19163 already exists.
2021-05-18 21:18:58,321 File name refubium_28230 already exists.
2021-05-18 21:19:03,933 File name refubium_28538 already exists.
2021-05-18 21:19:09,716 File name refubium_14815 already exists.
2021-05-18 21:19:15,326 File name refubium_16156 already exists.
2021-05-18 21:19:20,947 File name refubium_18658 already exists.
2021-05-18 21:19:26,538 File name refubium_29639 already exists.
2021-05-18 21:19:32,480 File name refubium_18280 already exists.
2021-05-18 21:19:38,508 File name refubium_18541 already exists.
2021-05-18 21:19:44,443 File name refubium_29313 already exists.
2021-05-18 21:19:49,656 Resumption token: xoai////11900
2021-05-18 21:19:50,376 File name refubium_14368 already exists.
2021-05-18 21:19:56,049 File name refubium_15908 already exists.
2021-05-18 21:20:01,760 File name refubium_18989 already exists.
2021-05-18 21:20:07,464 File name refubium_15883 already exists.
2021-05-18 21:20:14,162 File name refubium_25329 already exists.
2021-05-18 21:20:19,786 File name refubium_21746 already exists.
2021-05-18 21:20:25,417 File name refubium_24925 already exists.
2021-05-18 21:20:31,058 File name refubium_5950.2 already exists.
2021-05-18 21:20:37,014 File name refubium_26212 already exists.
2021-05-18 21:20:42,948 File name refubium_6506 already exists.
2021-05-18 21:20:49,080 File name refubium_29437 already exists.
2021-05-18 21:20:54,448 File name refubium_24646 already exists.
2021-05-18 21:21:00,131 File name refubium_27580 already exists.
2021-05-18 21:21:05,931 File name refubium_15851 already exists.
2021-05-18 21:21:11,604 File name refubium_14011 already exists.
2021-05-18 21:21:17,333 File name refubium_3452 already exists.
2021-05-18 21:21:23,879 File name refubium_16271 already exists.
2021-05-18 21:21:29,477 File name refubium_5732 already exists.
2021-05-18 21:21:35,883 File name refubium_23769 already exists.
2021-05-18 21:21:41,526 File name refubium_2745 already exists.
2021-05-18 21:21:47,200 File name refubium_27331 already exists.
2021-05-18 21:21:52,857 File name refubium_22193 already exists.
2021-05-18 21:21:58,627 File name refubium_25047 already exists.
2021-05-18 21:22:04,337 File name refubium_29440 already exists.
2021-05-18 21:22:10,481 File name refubium_5544 already exists.
2021-05-18 21:22:16,701 File name refubium_29300 already exists.
2021-05-18 21:22:22,716 File name refubium_13032 already exists.
2021-05-18 21:22:28,873 File name refubium_16358 already exists.
2021-05-18 21:22:34,615 File name refubium_28692 already exists.
2021-05-18 21:22:40,266 File name refubium_29694 already exists.
2021-05-18 21:22:45,950 File name refubium_28832 already exists.
2021-05-18 21:22:51,586 File name refubium_17857 already exists.
2021-05-18 21:22:57,240 File name refubium_15144 already exists.
2021-05-18 21:23:02,871 File name refubium_16812 already exists.
2021-05-18 21:23:08,923 File name refubium_6197 already exists.
2021-05-18 21:23:15,112 File name refubium_14980 already exists.
2021-05-18 21:23:20,715 File name refubium_15836 already exists.
2021-05-18 21:23:26,129 File name refubium_22996 already exists.
2021-05-18 21:23:32,184 File name refubium_23207 already exists.
2021-05-18 21:23:39,039 File name refubium_16551 already exists.
2021-05-18 21:23:44,821 File name refubium_20459 already exists.
2021-05-18 21:23:50,477 File name refubium_22528 already exists.
2021-05-18 21:23:56,384 File name refubium_22400 already exists.
2021-05-18 21:24:03,836 File name refubium_24354 already exists.
2021-05-18 21:24:09,454 File name refubium_20199 already exists.
2021-05-18 21:24:15,295 File name refubium_25021 already exists.
2021-05-18 21:24:20,569 File name refubium_2166 already exists.
2021-05-18 21:24:26,856 File name refubium_28883 already exists.
2021-05-18 21:24:32,581 File name refubium_16786 already exists.
2021-05-18 21:24:38,284 File name refubium_16936 already exists.
2021-05-18 21:24:47,351 File name refubium_5863 already exists.
2021-05-18 21:24:59,127 File name refubium_29496 already exists.
2021-05-18 21:25:04,900 File name refubium_28698 already exists.
2021-05-18 21:25:11,550 File name refubium_16228 already exists.
2021-05-18 21:25:16,755 Resumption token: xoai////12000
2021-05-18 21:25:17,457 File name refubium_20191 already exists.
2021-05-18 21:25:23,173 File name refubium_27551 already exists.
2021-05-18 21:25:28,994 File name refubium_9912 already exists.
2021-05-18 21:25:35,299 File name refubium_24245 already exists.
2021-05-18 21:25:41,071 File name refubium_23972 already exists.
2021-05-18 21:25:46,868 File name refubium_23673 already exists.
2021-05-18 21:25:52,826 File name refubium_16307 already exists.
2021-05-18 21:25:58,593 File name refubium_2285 already exists.
2021-05-18 21:26:04,606 File name refubium_15775 already exists.
2021-05-18 21:26:10,351 File name refubium_26403 already exists.
2021-05-18 21:26:16,889 File name refubium_1258 already exists.
2021-05-18 21:26:29,216 File name refubium_18631 already exists.
2021-05-18 21:26:34,821 File name refubium_27098 already exists.
2021-05-18 21:26:40,545 File name refubium_16718 already exists.
2021-05-18 21:26:46,164 File name refubium_18420 already exists.
2021-05-18 21:26:52,140 File name refubium_28730 already exists.
2021-05-18 21:26:58,086 File name refubium_18610 already exists.
2021-05-18 21:27:03,910 File name refubium_23205 already exists.
2021-05-18 21:27:09,584 File name refubium_20221 already exists.
2021-05-18 21:27:15,280 File name refubium_15314 already exists.
2021-05-18 21:27:20,694 File name refubium_10095 already exists.
2021-05-18 21:27:27,115 File name refubium_23182 already exists.
2021-05-18 21:27:32,861 File name refubium_20107 already exists.
2021-05-18 21:27:38,806 File name refubium_6079 already exists.
2021-05-18 21:27:44,835 File name refubium_11795 already exists.
2021-05-18 21:27:52,012 File name refubium_23248 already exists.
2021-05-18 21:27:57,953 File name refubium_23960 already exists.
2021-05-18 21:28:04,229 File name refubium_16681 already exists.
2021-05-18 21:28:09,906 File name refubium_19559 already exists.
2021-05-18 21:28:15,589 File name refubium_29046 already exists.
2021-05-18 21:28:20,967 File name refubium_27408 already exists.
2021-05-18 21:28:26,698 File name refubium_20855 already exists.
2021-05-18 21:28:32,389 File name refubium_23015 already exists.
2021-05-18 21:28:38,431 File name refubium_17190 already exists.
2021-05-18 21:28:44,307 File name refubium_2753 already exists.
2021-05-18 21:28:50,441 File name refubium_14906 already exists.
2021-05-18 21:28:56,245 File name refubium_27256 already exists.
2021-05-18 21:29:02,680 File name refubium_29562 already exists.
2021-05-18 21:29:08,489 File name refubium_23104 already exists.
2021-05-18 21:29:14,557 File name refubium_22810 already exists.
2021-05-18 21:29:21,706 File name refubium_29407 already exists.
2021-05-18 21:29:27,446 File name refubium_8795 already exists.
2021-05-18 21:29:33,993 File name refubium_8933 already exists.
2021-05-18 21:29:39,284 File name refubium_26776 already exists.
2021-05-18 21:29:45,034 File name refubium_14928 already exists.
2021-05-18 21:29:50,988 File name refubium_15889 already exists.
2021-05-18 21:29:56,627 File name refubium_16939 already exists.
2021-05-18 21:30:02,294 File name refubium_15637 already exists.
2021-05-18 21:30:07,910 File name refubium_14664 already exists.
2021-05-18 21:30:13,528 File name refubium_18677 already exists.
2021-05-18 21:30:19,309 File name refubium_25016 already exists.
2021-05-18 21:30:25,170 File name refubium_20703 already exists.
2021-05-18 21:30:30,505 Resumption token: xoai////12100
2021-05-18 21:30:31,155 File name refubium_19468 already exists.
2021-05-18 21:30:36,894 File name refubium_26178 already exists.
2021-05-18 21:30:42,977 File name refubium_5020 already exists.
2021-05-18 21:30:48,529 File name refubium_28332 already exists.
2021-05-18 21:30:54,150 File name refubium_14860 already exists.
2021-05-18 21:31:00,099 File name refubium_27177 already exists.
2021-05-18 21:31:05,804 File name refubium_25976 already exists.
2021-05-18 21:31:11,408 File name refubium_9246 already exists.
2021-05-18 21:31:17,088 File name refubium_14785 already exists.
2021-05-18 21:31:22,868 File name refubium_16903 already exists.
2021-05-18 21:31:28,642 File name refubium_14336 already exists.
2021-05-18 21:31:34,549 File name refubium_25855 already exists.
2021-05-18 21:31:40,328 File name refubium_18936 already exists.
2021-05-18 21:31:46,388 File name refubium_26067 already exists.
2021-05-18 21:31:52,151 File name refubium_26832 already exists.
2021-05-18 21:31:57,839 File name refubium_15208 already exists.
2021-05-18 21:32:03,515 File name refubium_25037 already exists.
2021-05-18 21:32:09,448 File name refubium_25424 already exists.
2021-05-18 21:32:15,149 File name refubium_29074 already exists.
2021-05-18 21:32:21,156 File name refubium_27426 already exists.
2021-05-18 21:32:26,849 File name refubium_15191 already exists.
2021-05-18 21:32:32,609 File name refubium_8632 already exists.
2021-05-18 21:32:38,600 File name refubium_28734 already exists.
2021-05-18 21:32:44,319 File name refubium_15278 already exists.
2021-05-18 21:32:49,978 File name refubium_17864 already exists.
2021-05-18 21:32:55,366 File name refubium_6897 already exists.
2021-05-18 21:33:01,429 File name refubium_12583 already exists.
2021-05-18 21:33:07,215 File name refubium_16423 already exists.
2021-05-18 21:33:12,977 File name refubium_4114 already exists.
2021-05-18 21:33:20,501 File name refubium_782 already exists.
2021-05-18 21:33:26,099 File name refubium_22347 already exists.
2021-05-18 21:33:31,816 File name refubium_3753 already exists.
2021-05-18 21:33:37,523 File name refubium_24666 already exists.
2021-05-18 21:33:43,299 File name refubium_10855 already exists.
2021-05-18 21:33:49,578 File name refubium_30088 already exists.
2021-05-18 21:33:54,991 File name refubium_18429 already exists.
2021-05-18 21:34:00,557 File name refubium_29213 already exists.
2021-05-18 21:34:06,174 File name refubium_15772 already exists.
2021-05-18 21:34:12,368 File name refubium_21853 already exists.
2021-05-18 21:34:18,632 File name refubium_14772 already exists.
2021-05-18 21:34:24,397 File name refubium_15966 already exists.
2021-05-18 21:34:29,758 File name refubium_6651 already exists.
2021-05-18 21:34:36,389 File name refubium_13740 already exists.
2021-05-18 21:34:43,067 File name refubium_23646 already exists.
2021-05-18 21:34:55,116 File name refubium_16906 already exists.
2021-05-18 21:35:00,530 Resumption token: xoai////12200
2021-05-18 21:35:01,465 File name refubium_23842 already exists.
2021-05-18 21:35:09,261 File name refubium_15719 already exists.
2021-05-18 21:35:14,965 File name refubium_21342 already exists.
2021-05-18 21:35:20,570 File name refubium_26445 already exists.
2021-05-18 21:35:26,256 File name refubium_21136 already exists.
2021-05-18 21:35:31,986 File name refubium_26348 already exists.
2021-05-18 21:35:37,256 File name refubium_16138 already exists.
2021-05-18 21:35:43,153 File name refubium_10753 already exists.
2021-05-18 21:35:50,457 File name refubium_3336 already exists.
2021-05-18 21:35:58,943 File name refubium_2003 already exists.
2021-05-18 21:36:04,911 File name refubium_15245 already exists.
2021-05-18 21:36:10,563 File name refubium_25138 already exists.
2021-05-18 21:36:16,262 File name refubium_15265 already exists.
2021-05-18 21:36:21,950 File name refubium_21616 already exists.
2021-05-18 21:36:27,796 File name refubium_20179 already exists.
2021-05-18 21:36:33,649 File name refubium_28826 already exists.
2021-05-18 21:36:39,368 File name refubium_23128 already exists.
2021-05-18 21:36:45,543 File name refubium_19058 already exists.
2021-05-18 21:36:52,188 File name refubium_8550 already exists.
2021-05-18 21:36:58,630 File name refubium_24283 already exists.
2021-05-18 21:37:04,378 File name refubium_16954 already exists.
2021-05-18 21:37:10,140 File name refubium_882 already exists.
2021-05-18 21:37:16,071 File name refubium_16345 already exists.
2021-05-18 21:37:21,751 File name refubium_15758 already exists.
2021-05-18 21:37:27,469 File name refubium_19046 already exists.
2021-05-18 21:37:33,154 File name refubium_25673 already exists.
2021-05-18 21:37:38,893 File name refubium_21741 already exists.
2021-05-18 21:37:44,793 File name refubium_3890 already exists.
2021-05-18 21:37:51,259 File name refubium_29485 already exists.
2021-05-18 21:37:56,932 File name refubium_15252 already exists.
2021-05-18 21:38:02,600 File name refubium_26033 already exists.
2021-05-18 21:38:08,257 File name refubium_16881 already exists.
2021-05-18 21:38:13,950 File name refubium_20995 already exists.
2021-05-18 21:38:20,102 File name refubium_20208 already exists.
2021-05-18 21:38:25,673 File name refubium_14660 already exists.
2021-05-18 21:38:30,981 File name refubium_12947 already exists.
2021-05-18 21:38:37,388 File name refubium_25078 already exists.
2021-05-18 21:38:43,284 File name refubium_24520 already exists.
2021-05-18 21:38:50,182 File name refubium_25338 already exists.
2021-05-18 21:38:55,913 File name refubium_26671 already exists.
2021-05-18 21:39:01,765 File name refubium_26811 already exists.
2021-05-18 21:39:09,320 File name refubium_28045 already exists.
2021-05-18 21:39:15,015 File name refubium_18231 already exists.
2021-05-18 21:39:20,231 Resumption token: xoai////12300
2021-05-18 21:39:20,874 File name refubium_20279 already exists.
2021-05-18 21:39:26,693 File name refubium_18650 already exists.
2021-05-18 21:39:32,410 File name refubium_27356 already exists.
2021-05-18 21:39:38,155 File name refubium_1463 already exists.
2021-05-18 21:39:43,942 File name refubium_24955 already exists.
2021-05-18 21:39:49,668 File name refubium_24741 already exists.
2021-05-18 21:39:55,407 File name refubium_19660 already exists.
2021-05-18 21:40:01,128 File name refubium_15879 already exists.
2021-05-18 21:40:06,826 File name refubium_18615 already exists.
2021-05-18 21:40:12,707 File name refubium_29487 already exists.
2021-05-18 21:40:18,512 File name refubium_25820 already exists.
2021-05-18 21:40:24,297 File name refubium_28069 already exists.
2021-05-18 21:40:30,360 File name refubium_19068 already exists.
2021-05-18 21:40:36,105 File name refubium_25944 already exists.
2021-05-18 21:40:42,116 File name refubium_1517 already exists.
2021-05-18 21:40:48,781 File name refubium_9162 already exists.
2021-05-18 21:40:55,452 File name refubium_20669 already exists.
2021-05-18 21:41:01,075 File name refubium_20749 already exists.
2021-05-18 21:41:06,715 File name refubium_27823 already exists.
2021-05-18 21:41:12,532 File name refubium_11747 already exists.
2021-05-18 21:41:18,301 File name refubium_2402 already exists.
2021-05-18 21:41:24,120 File name refubium_27125 already exists.
2021-05-18 21:41:29,819 File name refubium_16496 already exists.
2021-05-18 21:41:36,155 File name refubium_23913 already exists.
2021-05-18 21:41:43,291 File name refubium_21663 already exists.
2021-05-18 21:41:49,033 File name refubium_19646 already exists.
2021-05-18 21:41:55,113 File name refubium_23001 already exists.
2021-05-18 21:42:01,101 File name refubium_26234 already exists.
2021-05-18 21:42:06,920 File name refubium_22231 already exists.
2021-05-18 21:42:12,748 File name refubium_14858 already exists.
2021-05-18 21:42:18,477 File name refubium_14183 already exists.
2021-05-18 21:42:24,162 File name refubium_14794 already exists.
2021-05-18 21:42:29,879 File name refubium_17568 already exists.
2021-05-18 21:42:35,688 File name refubium_29460 already exists.
2021-05-18 21:42:42,230 File name refubium_25784 already exists.
2021-05-18 21:42:48,338 File name refubium_28951 already exists.
2021-05-18 21:42:54,086 File name refubium_6556 already exists.
2021-05-18 21:43:00,159 File name refubium_5277 already exists.
2021-05-18 21:43:07,042 File name refubium_26724 already exists.
2021-05-18 21:43:12,844 File name refubium_24706 already exists.
2021-05-18 21:43:19,343 File name refubium_20377 already exists.
2021-05-18 21:43:25,168 File name refubium_28067 already exists.
2021-05-18 21:43:31,073 File name refubium_10901 already exists.
2021-05-18 21:43:36,952 File name refubium_20165 already exists.
2021-05-18 21:43:42,803 File name refubium_76 already exists.
2021-05-18 21:43:48,867 File name refubium_20109 already exists.
2021-05-18 21:43:54,523 File name refubium_24597 already exists.
2021-05-18 21:44:00,286 File name refubium_17186 already exists.
2021-05-18 21:44:06,080 File name refubium_29965 already exists.
2021-05-18 21:44:11,911 File name refubium_1976 already exists.
2021-05-18 21:44:18,365 File name refubium_25140 already exists.
2021-05-18 21:44:24,148 File name refubium_20704 already exists.
2021-05-18 21:44:29,817 File name refubium_18632 already exists.
2021-05-18 21:44:35,048 File name refubium_22665 already exists.
2021-05-18 21:44:40,211 Resumption token: xoai////12400
2021-05-18 21:44:40,884 File name refubium_16711 already exists.
2021-05-18 21:44:46,667 File name refubium_17946 already exists.
2021-05-18 21:44:52,477 File name refubium_5143 already exists.
2021-05-18 21:45:00,168 File name refubium_8069 already exists.
2021-05-18 21:45:08,864 File name refubium_24770 already exists.
2021-05-18 21:45:14,586 File name refubium_14968 already exists.
2021-05-18 21:45:20,207 File name refubium_19636 already exists.
2021-05-18 21:45:26,166 File name refubium_7635 already exists.
2021-05-18 21:45:32,030 File name refubium_15248 already exists.
2021-05-18 21:45:37,770 File name refubium_24556 already exists.
2021-05-18 21:45:43,567 File name refubium_1787 already exists.
2021-05-18 21:45:49,289 File name refubium_16526 already exists.
2021-05-18 21:45:55,084 File name refubium_3902 already exists.
2021-05-18 21:46:00,987 File name refubium_4008 already exists.
2021-05-18 21:46:06,707 File name refubium_14483 already exists.
2021-05-18 21:46:12,530 File name refubium_28602 already exists.
2021-05-18 21:46:18,362 File name refubium_7468 already exists.
2021-05-18 21:46:24,309 File name refubium_8504 already exists.
2021-05-18 21:46:30,206 File name refubium_28526 already exists.
2021-05-18 21:46:35,970 File name refubium_24937 already exists.
2021-05-18 21:46:43,775 File name refubium_1273 already exists.
2021-05-18 21:46:49,526 File name refubium_17202 already exists.
2021-05-18 21:46:55,270 File name refubium_21629 already exists.
2021-05-18 21:47:01,110 File name refubium_25712 already exists.
2021-05-18 21:47:07,051 File name refubium_15688 already exists.
2021-05-18 21:47:13,826 File name refubium_14202 already exists.
2021-05-18 21:47:19,563 File name refubium_29635 already exists.
2021-05-18 21:47:25,795 File name refubium_29369 already exists.
2021-05-18 21:47:31,547 File name refubium_20650 already exists.
2021-05-18 21:47:37,293 File name refubium_10501 already exists.
2021-05-18 21:47:43,414 File name refubium_28829 already exists.
2021-05-18 21:47:49,185 File name refubium_15361 already exists.
2021-05-18 21:47:54,870 File name refubium_14692 already exists.
2021-05-18 21:48:00,600 File name refubium_25704 already exists.
2021-05-18 21:48:06,426 File name refubium_27141 already exists.
2021-05-18 21:48:12,383 File name refubium_23 already exists.
2021-05-18 21:48:18,331 File name refubium_19685 already exists.
2021-05-18 21:48:24,467 File name refubium_20659 already exists.
2021-05-18 21:48:30,174 File name refubium_27113 already exists.
2021-05-18 21:48:35,847 File name refubium_23509 already exists.
2021-05-18 21:48:41,622 File name refubium_14393 already exists.
2021-05-18 21:48:47,464 File name refubium_27734 already exists.
2021-05-18 21:48:53,876 File name refubium_3587 already exists.
2021-05-18 21:48:59,846 File name refubium_24104 already exists.
2021-05-18 21:49:05,520 File name refubium_12686 already exists.
2021-05-18 21:49:12,012 File name refubium_25900 already exists.
2021-05-18 21:49:18,738 File name refubium_18589 already exists.
2021-05-18 21:49:24,456 File name refubium_16015 already exists.
2021-05-18 21:49:30,192 File name refubium_25092 already exists.
2021-05-18 21:49:36,094 File name refubium_15946 already exists.
2021-05-18 21:49:41,940 File name refubium_17808 already exists.
2021-05-18 21:49:47,749 File name refubium_14061 already exists.
2021-05-18 21:49:53,599 File name refubium_16514 already exists.
2021-05-18 21:49:59,356 File name refubium_9708 already exists.
2021-05-18 21:50:05,455 File name refubium_20127 already exists.
2021-05-18 21:50:11,200 File name refubium_26179 already exists.
