2021-05-17 09:08:39,168 START OF depositonce
2021-05-17 09:08:39,676 File depositonce_5873 has already been retrieved.
2021-05-17 09:08:39,930 File depositonce_11079 has already been retrieved.
2021-05-17 09:08:40,071 File depositonce_11036 has already been retrieved.
2021-05-17 09:08:40,333 File depositonce_4159 has already been retrieved.
2021-05-17 09:08:40,446 File depositonce_1336 has already been retrieved.
2021-05-17 09:08:40,722 File depositonce_7066 has already been retrieved.
2021-05-17 09:08:40,965 File depositonce_5949 has already been retrieved.
2021-05-17 09:08:41,286 File depositonce_10617 has already been retrieved.
2021-05-17 09:08:41,466 File depositonce_8810 has already been retrieved.
2021-05-17 09:08:41,946 File depositonce_3783 has already been retrieved.
2021-05-17 09:08:42,135 File depositonce_12142 has already been retrieved.
2021-05-17 09:08:42,291 File depositonce_7203 has already been retrieved.
2021-05-17 09:08:42,609 File depositonce_3506 has already been retrieved.
2021-05-17 09:08:42,771 File depositonce_3812 has already been retrieved.
2021-05-17 09:08:43,144 File depositonce_1954 has already been retrieved.
2021-05-17 09:08:43,212 File depositonce_6796 has already been retrieved.
2021-05-17 09:08:43,464 File depositonce_7010 has already been retrieved.
2021-05-17 09:08:43,555 File depositonce_5943 has already been retrieved.
2021-05-17 09:08:43,652 File depositonce_6808 has already been retrieved.
2021-05-17 09:08:43,955 File depositonce_3394 has already been retrieved.
2021-05-17 09:08:44,120 File depositonce_4734 has already been retrieved.
2021-05-17 09:08:44,330 File depositonce_2615 has already been retrieved.
2021-05-17 09:08:44,399 File depositonce_8585 has already been retrieved.
2021-05-17 09:08:45,073 File depositonce_10277 has already been retrieved.
2021-05-17 09:08:45,180 File depositonce_7951 has already been retrieved.
2021-05-17 09:08:45,436 File depositonce_11077 has already been retrieved.
2021-05-17 09:08:45,601 File depositonce_9879 has already been retrieved.
2021-05-17 09:08:45,996 File depositonce_5082 has already been retrieved.
2021-05-17 09:08:46,190 File depositonce_2125 has already been retrieved.
2021-05-17 09:08:46,369 File depositonce_2048 has already been retrieved.
2021-05-17 09:08:46,672 File depositonce_7944 has already been retrieved.
2021-05-17 09:08:46,754 File depositonce_9906 has already been retrieved.
2021-05-17 09:08:47,055 File depositonce_12472 has already been retrieved.
2021-05-17 09:08:47,161 File depositonce_7188 has already been retrieved.
2021-05-17 09:08:47,292 File depositonce_9098 has already been retrieved.
2021-05-17 09:08:47,419 File depositonce_9322 has already been retrieved.
2021-05-17 09:08:47,743 File depositonce_4661 has already been retrieved.
2021-05-17 09:08:48,340 File depositonce_3660 has already been retrieved.
2021-05-17 09:08:48,494 File depositonce_8018 has already been retrieved.
2021-05-17 09:08:48,654 File depositonce_10234 has already been retrieved.
2021-05-17 09:08:48,917 File depositonce_2696 has already been retrieved.
2021-05-17 09:08:49,119 File depositonce_12362 has already been retrieved.
2021-05-17 09:08:49,323 File depositonce_12227 has already been retrieved.
2021-05-17 09:08:49,835 File depositonce_2049 has already been retrieved.
2021-05-17 09:08:50,621 File depositonce_9539 has already been retrieved.
2021-05-17 09:08:51,057 File depositonce_10118 has already been retrieved.
2021-05-17 09:08:51,284 File depositonce_6974 has already been retrieved.
2021-05-17 09:08:51,393 File depositonce_10048 has already been retrieved.
2021-05-17 09:08:51,506 File depositonce_8193 has already been retrieved.
2021-05-17 09:08:52,123 File depositonce_5860 has already been retrieved.
2021-05-17 09:08:52,353 File depositonce_2286 has already been retrieved.
2021-05-17 09:08:52,560 File depositonce_11807 has already been retrieved.
2021-05-17 09:08:52,727 File depositonce_8644 has already been retrieved.
2021-05-17 09:08:52,923 File depositonce_7398 has already been retrieved.
2021-05-17 09:08:52,999 File depositonce_6356 has already been retrieved.
2021-05-17 09:08:53,178 File depositonce_2215 has already been retrieved.
2021-05-17 09:08:53,272 File depositonce_10381 has already been retrieved.
2021-05-17 09:08:53,439 File depositonce_10353 has already been retrieved.
2021-05-17 09:08:53,658 File depositonce_3139 has already been retrieved.
2021-05-17 09:08:53,811 File depositonce_8634 has already been retrieved.
2021-05-17 09:08:53,989 File depositonce_7228 has already been retrieved.
2021-05-17 09:08:54,114 File depositonce_12413 has already been retrieved.
2021-05-17 09:08:54,192 File depositonce_4861 has already been retrieved.
2021-05-17 09:08:54,353 File depositonce_8569 has already been retrieved.
2021-05-17 09:08:54,608 File depositonce_11260 has already been retrieved.
2021-05-17 09:08:54,801 File depositonce_7158 has already been retrieved.
2021-05-17 09:08:54,979 File depositonce_1760 has already been retrieved.
2021-05-17 09:08:55,186 File depositonce_2932 has already been retrieved.
2021-05-17 09:08:55,317 File depositonce_11159 has already been retrieved.
2021-05-17 09:08:55,533 File depositonce_11706 has already been retrieved.
2021-05-17 09:08:55,743 File depositonce_7916 has already been retrieved.
2021-05-17 09:08:55,872 File depositonce_10947 has already been retrieved.
2021-05-17 09:08:56,239 File depositonce_4357 has already been retrieved.
2021-05-17 09:08:56,516 File depositonce_9269 has already been retrieved.
2021-05-17 09:08:56,583 File depositonce_11878 has already been retrieved.
2021-05-17 09:08:56,787 File depositonce_6666 has already been retrieved.
2021-05-17 09:08:57,019 File depositonce_5879 has already been retrieved.
2021-05-17 09:08:57,104 File depositonce_9905 has already been retrieved.
2021-05-17 09:08:57,205 File depositonce_7296 has already been retrieved.
2021-05-17 09:08:57,288 File depositonce_10851 has already been retrieved.
2021-05-17 09:08:57,493 File depositonce_5889 has already been retrieved.
2021-05-17 09:08:57,704 File depositonce_7853 has already been retrieved.
2021-05-17 09:08:57,882 File depositonce_12516 has already been retrieved.
2021-05-17 09:08:57,961 File depositonce_3060 has already been retrieved.
2021-05-17 09:08:58,154 File depositonce_11051 has already been retrieved.
2021-05-17 09:08:58,656 File depositonce_3278 has already been retrieved.
2021-05-17 09:08:58,906 File depositonce_9869 has already been retrieved.
2021-05-17 09:08:59,066 File depositonce_9274 has already been retrieved.
2021-05-17 09:08:59,185 File depositonce_5639 has already been retrieved.
2021-05-17 09:08:59,397 File depositonce_2035 has already been retrieved.
2021-05-17 09:08:59,546 File depositonce_10571 has already been retrieved.
2021-05-17 09:08:59,776 File depositonce_10435 has already been retrieved.
2021-05-17 09:08:59,913 File depositonce_9197 has already been retrieved.
2021-05-17 09:09:00,185 File depositonce_3336 has already been retrieved.
2021-05-17 09:09:00,431 File depositonce_4677 has already been retrieved.
2021-05-17 09:09:00,601 File depositonce_2193 has already been retrieved.
2021-05-17 09:09:01,012 File depositonce_2748 has already been retrieved.
2021-05-17 09:09:01,174 File depositonce_3501 has already been retrieved.
2021-05-17 09:09:01,300 File depositonce_6798 has already been retrieved.
2021-05-17 09:10:10,396 Parsing of depositonce_10136 failed.
2021-05-17 09:11:58,015 Resumption token: didl////5400
2021-05-17 09:25:31,161 Resumption token: didl////5600
2021-05-17 09:39:35,292 Resumption token: didl////5800
2021-05-17 09:52:34,125 Resumption token: didl////6000
2021-05-17 10:05:41,158 Resumption token: didl////6200
2021-05-17 10:17:22,555 Resumption token: didl////6400
2021-05-17 10:17:24,197 An error occured when looking for the link of {id}.
2021-05-17 10:30:19,262 Resumption token: didl////6600
2021-05-17 10:45:01,016 Resumption token: didl////6800
2021-05-17 10:58:37,767 Resumption token: didl////7000
2021-05-17 11:10:58,650 Resumption token: didl////7200
2021-05-17 11:24:37,503 Resumption token: didl////7400
2021-05-17 11:36:37,416 An error occured when looking for the link of {id}.
2021-05-17 11:37:11,964 Resumption token: didl////7600
2021-05-17 11:50:25,884 Resumption token: didl////7800
2021-05-17 11:50:57,200 An error occured when looking for the link of {id}.
2021-05-17 12:03:36,340 Resumption token: didl////8000
2021-05-17 12:17:55,920 Resumption token: didl////8200
2021-05-17 12:30:44,168 Resumption token: didl////8400
2021-05-17 12:45:18,004 Resumption token: didl////8600
2021-05-17 12:57:42,291 Resumption token: didl////8800
2021-05-17 13:11:58,399 Resumption token: didl////9000
2021-05-17 13:25:09,506 Resumption token: didl////9200
2021-05-17 13:38:16,293 Resumption token: didl////9400
2021-05-17 13:51:11,234 Resumption token: didl////9600
2021-05-17 14:05:16,218 Resumption token: didl////9800
2021-05-17 14:19:57,698 Resumption token: didl////10000
2021-05-17 14:34:01,145 Resumption token: didl////10200
2021-05-17 14:47:05,432 Resumption token: didl////10400
2021-05-17 15:00:47,959 Resumption token: didl////10600
2021-05-17 15:14:33,723 Resumption token: didl////10800
2021-05-17 15:27:40,696 Resumption token: didl////11000
2021-05-17 15:40:20,668 Resumption token: didl////11200
2021-05-17 15:53:38,801 Resumption token: didl////11400
2021-05-17 16:02:33,704 Resumption token: None
2021-05-17 16:02:33,704 Rejected languages in depositonce: {'fr', 'pt', 'fa', 'und', 'es', 'English', 'de', 'en'}
2021-05-17 16:02:33,704 END OF depositonce
